This is pdfTeXk, Version 3.141592-1.40.3 (Web2C 7.5.6) (format=pdflatex 2010.5.6)  3 DEC 2010 18:48
entering extended mode
 %&-line parsing enabled.
**pubcovers_b5.tex
(./pubcovers_b5.tex
LaTeX2e <2005/12/01>
Babel <v3.8h> and hyphenation patterns for english, usenglishmax, dumylang, noh
yphenation, finnish, loaded.
(/usr/share/texmf-texlive/tex/latex/base/article.cls
Document Class: article 2005/09/16 v1.4f Standard LaTeX document class
(/usr/share/texmf-texlive/tex/latex/base/size10.clo
File: size10.clo 2005/09/16 v1.4f Standard LaTeX file (size option)
)
\c@part=\count79
\c@section=\count80
\c@subsection=\count81
\c@subsubsection=\count82
\c@paragraph=\count83
\c@subparagraph=\count84
\c@figure=\count85
\c@table=\count86
\abovecaptionskip=\skip41
\belowcaptionskip=\skip42
\bibindent=\dimen102
)
(/usr/share/texmf-texlive/tex/latex/geometry/geometry.sty
Package: geometry 2002/07/08 v3.2 Page Geometry

(/usr/share/texmf-texlive/tex/latex/graphics/keyval.sty
Package: keyval 1999/03/16 v1.13 key=value parser (DPC)
\KV@toks@=\toks14
)
\Gm@cnth=\count87
\Gm@cntv=\count88
\c@Gm@tempcnt=\count89
\Gm@bindingoffset=\dimen103
\Gm@wd@mp=\dimen104
\Gm@odd@mp=\dimen105
\Gm@even@mp=\dimen106
\Gm@dimlist=\toks15

(/usr/share/texmf-texlive/tex/xelatex/xetexconfig/geometry.cfg))
(/usr/share/texmf-texlive/tex/latex/base/inputenc.sty
Package: inputenc 2006/05/05 v1.1b Input encoding file
\inpenc@prehook=\toks16
\inpenc@posthook=\toks17

(/usr/share/texmf-texlive/tex/latex/base/latin1.def
File: latin1.def 2006/05/05 v1.1b Input encoding file
))
(/usr/share/texmf-texlive/tex/latex/anysize/anysize.sty
Package: anysize 1994/08/13 setting margin sizes

document style option `anysize' loaded
Michael Salzenberg, Thomas Esser, Dirk Hillbrecht
Version 1.0, Aug 13, 1994
\@Leftmargin=\dimen107
\@Rightmargin=\dimen108
\@Topmargin=\dimen109
\@Bottommargin=\dimen110
) (/usr/share/texmf-texlive/tex/latex/graphics/color.sty
Package: color 2005/11/14 v1.0j Standard LaTeX Color (DPC)

(/etc/texmf/tex/latex/config/color.cfg
File: color.cfg 2007/01/18 v1.5 color configuration of teTeX/TeXLive
)
Package color Info: Driver file: pdftex.def on input line 130.

(/usr/share/texmf-texlive/tex/latex/pdftex-def/pdftex.def
File: pdftex.def 2007/01/08 v0.04d Graphics/color for pdfTeX
\Gread@gobject=\count90
))
(/usr/share/texmf-texlive/tex/latex/pdfpages/pdfpages.sty
Package: pdfpages 2006/08/12 v0.4a Insert pages of external PDF documents (AM)

(/usr/share/texmf-texlive/tex/latex/base/ifthen.sty
Package: ifthen 2001/05/26 v1.1c Standard LaTeX ifthen package (DPC)
)
(/usr/share/texmf-texlive/tex/latex/graphics/graphicx.sty
Package: graphicx 1999/02/16 v1.0f Enhanced LaTeX Graphics (DPC,SPQR)

(/usr/share/texmf-texlive/tex/latex/graphics/graphics.sty
Package: graphics 2006/02/20 v1.0o Standard LaTeX Graphics (DPC,SPQR)

(/usr/share/texmf-texlive/tex/latex/graphics/trig.sty
Package: trig 1999/03/16 v1.09 sin cos tan (DPC)
)
(/etc/texmf/tex/latex/config/graphics.cfg
File: graphics.cfg 2007/01/18 v1.5 graphics configuration of teTeX/TeXLive
)
Package graphics Info: Driver file: pdftex.def on input line 90.
)
\Gin@req@height=\dimen111
\Gin@req@width=\dimen112
)
(/usr/share/texmf-texlive/tex/latex/tools/calc.sty
Package: calc 2005/08/06 v4.2 Infix arithmetic (KKT,FJ)
\calc@Acount=\count91
\calc@Bcount=\count92
\calc@Adimen=\dimen113
\calc@Bdimen=\dimen114
\calc@Askip=\skip43
\calc@Bskip=\skip44
LaTeX Info: Redefining \setlength on input line 75.
LaTeX Info: Redefining \addtolength on input line 76.
\calc@Ccount=\count93
\calc@Cskip=\skip45
)
(/usr/share/texmf-texlive/tex/latex/eso-pic/eso-pic.sty
Package: eso-pic 2006/07/14 v1.1d eso-pic (RN)

(/usr/share/texmf-texlive/tex/latex/everyshi/everyshi.sty
Package: everyshi 2001/05/15 v3.00 EveryShipout Package (MS)
))
(/usr/share/texmf-texlive/tex/latex/pdfpages/pppdftex.def
File: pppdftex.def 2006/08/12 v0.4a Pdfpages driver for pdfTeX (AM)
)
\AM@pagebox=\box26
\AM@toc@title=\toks18
\c@AM@survey=\count94
)
(/usr/share/texmf-texlive/tex/latex/textpos/textpos.sty
Package: textpos 2006/09/02 v1.7a

Package: `textpos' 1.7a <2006 September 2>
\TP@textbox=\box27
\TP@holdbox=\box28
\TPHorizModule=\dimen115
\TPVertModule=\dimen116
\TP@margin=\dimen117
\TP@absmargin=\dimen118
Grid set 16 x 16 = 31.29802pt x 44.45743pt
\TPboxrulesize=\dimen119
\TP@ox=\dimen120
\TP@oy=\dimen121
\TP@tbargs=\toks19
\TP@prevdepth=\dimen122
TextBlockOrigin set to 0pt x 0pt
) (./pubcovers_b5.aux)
\openout1 = `pubcovers_b5.aux'.

LaTeX Font Info:    Checking defaults for OML/cmm/m/it on input line 20.
LaTeX Font Info:    ... okay on input line 20.
LaTeX Font Info:    Checking defaults for T1/cmr/m/n on input line 20.
LaTeX Font Info:    ... okay on input line 20.
LaTeX Font Info:    Checking defaults for OT1/cmr/m/n on input line 20.
LaTeX Font Info:    ... okay on input line 20.
LaTeX Font Info:    Checking defaults for OMS/cmsy/m/n on input line 20.
LaTeX Font Info:    ... okay on input line 20.
LaTeX Font Info:    Checking defaults for OMX/cmex/m/n on input line 20.
LaTeX Font Info:    ... okay on input line 20.
LaTeX Font Info:    Checking defaults for U/cmr/m/n on input line 20.
LaTeX Font Info:    ... okay on input line 20.
-------------------- Geometry parameters
paper: b5paper
landscape: --
twocolumn: --
twoside: true
asymmetric: --
h-parts: 60.09283pt, 0.7\paperwidth , 90.13925pt (default)
v-parts: 85.35913pt, 0.7\paperheight , 128.03871pt (default)
hmarginratio: 2:3
vmarginratio: 2:3
lines: --
heightrounded: --
bindingoffset: 0.0pt
truedimen: --
includehead: --
includefoot: --
includemp: --
driver: pdftex
-------------------- Page layout dimensions and switches
\paperwidth  500.7685pt
\paperheight 711.3189pt
\textwidth  442.7249pt
\textheight 644.3189pt
\oddsidemargin  -14.2264pt
\evensidemargin -72.26999pt
\topmargin  -72.26999pt
\headheight 0.0pt
\headsep    -1.0pt
\footskip   0.0pt
\marginparwidth 121.0pt
\marginparsep   11.0pt
\columnsep  10.0pt
\skip\footins  9.0pt plus 4.0pt minus 2.0pt
\hoffset 0.0pt
\voffset 0.0pt
\mag 1000
\@twosidetrue \@mparswitchtrue 
(1in=72.27pt, 1cm=28.45pt)
-----------------------
 (/usr/share/texmf/tex/context/base/supp-pdf.tex
[Loading MPS to PDF converter (version 2006.09.02).]
\scratchcounter=\count95
\scratchdimen=\dimen123
\scratchbox=\box29
\nofMPsegments=\count96
\nofMParguments=\count97
\everyMPshowfont=\toks20
\MPscratchCnt=\count98
\MPscratchDim=\dimen124
\MPnumerator=\count99
\everyMPtoPDFconversion=\toks21
) ABD: EveryShipout initializing macros
LaTeX Font Info:    Try loading font information for OMS+cmr on input line 33.

(/usr/share/texmf-texlive/tex/latex/base/omscmr.fd
File: omscmr.fd 1999/05/25 v2.5h Standard LaTeX font definitions
)
LaTeX Font Info:    Font shape `OMS/cmr/m/n' in size <10> not available
(Font)              Font shape `OMS/cmsy/m/n' tried instead on input line 33.
LaTeX Font Info:    Try loading font information for OT1+ptm on input line 36.

(/usr/share/texmf-texlive/tex/latex/psnfss/ot1ptm.fd
File: ot1ptm.fd 2001/06/04 font definitions for OT1/ptm.
) [1


{/var/lib/texmf/fonts/map/pdftex/updmap/pdftex.map}] [2

]
<publications/Elo05.pdf, id=15, page=1, 614.295pt x 796.9775pt>
File: publications/Elo05.pdf Graphic file (type pdf)

<use publications/Elo05.pdf, page 1>
File: publications/Elo05.pdf Graphic file (type pdf)
 <use publications/Elo05.pdf, page 1>
File: publications/Elo05.pdf Graphic file (type pdf)

<use publications/Elo05.pdf, page 1>
File: publications/Elo05.pdf Graphic file (type pdf)
 <use publications/Elo05.pdf, page 1>
File: publications/Elo05.pdf Graphic file (type pdf)

<use publications/Elo05.pdf, page 1> [3 <./publications/Elo05.pdf>]
<publications/Elo05.pdf, id=48, page=2, 614.295pt x 796.9775pt>
File: publications/Elo05.pdf Graphic file (type pdf)

<use publications/Elo05.pdf, page 2>
File: publications/Elo05.pdf Graphic file (type pdf)
 <use publications/Elo05.pdf, page 2>
File: publications/Elo05.pdf Graphic file (type pdf)

<use publications/Elo05.pdf, page 2> [4 <./publications/Elo05.pdf>]
<publications/Elo05.pdf, id=56, page=3, 614.295pt x 796.9775pt>
File: publications/Elo05.pdf Graphic file (type pdf)

<use publications/Elo05.pdf, page 3>
File: publications/Elo05.pdf Graphic file (type pdf)
 <use publications/Elo05.pdf, page 3>
File: publications/Elo05.pdf Graphic file (type pdf)

<use publications/Elo05.pdf, page 3> [5 <./publications/Elo05.pdf>]
<publications/Elo05.pdf, id=81, page=4, 614.295pt x 796.9775pt>
File: publications/Elo05.pdf Graphic file (type pdf)

<use publications/Elo05.pdf, page 4>
File: publications/Elo05.pdf Graphic file (type pdf)
 <use publications/Elo05.pdf, page 4>
File: publications/Elo05.pdf Graphic file (type pdf)

<use publications/Elo05.pdf, page 4> [6 <./publications/Elo05.pdf>]
<publications/Elo05.pdf, id=91, page=5, 614.295pt x 796.9775pt>
File: publications/Elo05.pdf Graphic file (type pdf)

<use publications/Elo05.pdf, page 5>
File: publications/Elo05.pdf Graphic file (type pdf)
 <use publications/Elo05.pdf, page 5>
File: publications/Elo05.pdf Graphic file (type pdf)

<use publications/Elo05.pdf, page 5> [7 <./publications/Elo05.pdf>]
<publications/Elo05.pdf, id=107, page=6, 614.295pt x 796.9775pt>
File: publications/Elo05.pdf Graphic file (type pdf)

<use publications/Elo05.pdf, page 6>
File: publications/Elo05.pdf Graphic file (type pdf)
 <use publications/Elo05.pdf, page 6>
File: publications/Elo05.pdf Graphic file (type pdf)

<use publications/Elo05.pdf, page 6> [8 <./publications/Elo05.pdf>]
<publications/Elo05.pdf, id=119, page=7, 614.295pt x 796.9775pt>
File: publications/Elo05.pdf Graphic file (type pdf)

<use publications/Elo05.pdf, page 7>
File: publications/Elo05.pdf Graphic file (type pdf)
 <use publications/Elo05.pdf, page 7>
File: publications/Elo05.pdf Graphic file (type pdf)

<use publications/Elo05.pdf, page 7> [9 <./publications/Elo05.pdf>]
<publications/Elo05.pdf, id=131, page=8, 614.295pt x 796.9775pt>
File: publications/Elo05.pdf Graphic file (type pdf)

<use publications/Elo05.pdf, page 8>
File: publications/Elo05.pdf Graphic file (type pdf)
 <use publications/Elo05.pdf, page 8>
File: publications/Elo05.pdf Graphic file (type pdf)

<use publications/Elo05.pdf, page 8> [10 <./publications/Elo05.pdf>]
<publications/Elo05.pdf, id=143, page=9, 614.295pt x 796.9775pt>
File: publications/Elo05.pdf Graphic file (type pdf)

<use publications/Elo05.pdf, page 9>
File: publications/Elo05.pdf Graphic file (type pdf)
 <use publications/Elo05.pdf, page 9>
File: publications/Elo05.pdf Graphic file (type pdf)

<use publications/Elo05.pdf, page 9> [11 <./publications/Elo05.pdf>]
<publications/Elo05.pdf, id=148, page=10, 614.295pt x 796.9775pt>
File: publications/Elo05.pdf Graphic file (type pdf)

<use publications/Elo05.pdf, page 10>
File: publications/Elo05.pdf Graphic file (type pdf)
 <use publications/Elo05.pdf, page 10>
File: publications/Elo05.pdf Graphic file (type pdf)

<use publications/Elo05.pdf, page 10> [12 <./publications/Elo05.pdf>] [13

]
[14

] <publications/RPA.pdf, id=162, page=2, 569.12625pt x 776.9025pt>
File: publications/RPA.pdf Graphic file (type pdf)

<use publications/RPA.pdf, page 2>
File: publications/RPA.pdf Graphic file (type pdf)
 <use publications/RPA.pdf, page 2>
File: publications/RPA.pdf Graphic file (type pdf)

<use publications/RPA.pdf, page 2>
File: publications/RPA.pdf Graphic file (type pdf)
 <use publications/RPA.pdf, page 2>
File: publications/RPA.pdf Graphic file (type pdf)

<use publications/RPA.pdf, page 2> [15 <./publications/RPA.pdf>]
<publications/RPA.pdf, id=192, page=3, 569.12625pt x 776.9025pt>
File: publications/RPA.pdf Graphic file (type pdf)

<use publications/RPA.pdf, page 3>
File: publications/RPA.pdf Graphic file (type pdf)
 <use publications/RPA.pdf, page 3>
File: publications/RPA.pdf Graphic file (type pdf)

<use publications/RPA.pdf, page 3> [16 <./publications/RPA.pdf>]
<publications/RPA.pdf, id=210, page=4, 569.12625pt x 776.9025pt>
File: publications/RPA.pdf Graphic file (type pdf)

<use publications/RPA.pdf, page 4>
File: publications/RPA.pdf Graphic file (type pdf)
 <use publications/RPA.pdf, page 4>
File: publications/RPA.pdf Graphic file (type pdf)

<use publications/RPA.pdf, page 4> [17 <./publications/RPA.pdf>]
<publications/RPA.pdf, id=229, page=5, 569.12625pt x 776.9025pt>
File: publications/RPA.pdf Graphic file (type pdf)

<use publications/RPA.pdf, page 5>
File: publications/RPA.pdf Graphic file (type pdf)
 <use publications/RPA.pdf, page 5>
File: publications/RPA.pdf Graphic file (type pdf)

<use publications/RPA.pdf, page 5> [18 <./publications/RPA.pdf>]
<publications/RPA.pdf, id=233, page=6, 569.12625pt x 776.9025pt>
File: publications/RPA.pdf Graphic file (type pdf)

<use publications/RPA.pdf, page 6>
File: publications/RPA.pdf Graphic file (type pdf)
 <use publications/RPA.pdf, page 6>
File: publications/RPA.pdf Graphic file (type pdf)

<use publications/RPA.pdf, page 6> [19 <./publications/RPA.pdf>]
<publications/RPA.pdf, id=240, page=7, 569.12625pt x 776.9025pt>
File: publications/RPA.pdf Graphic file (type pdf)

<use publications/RPA.pdf, page 7>
File: publications/RPA.pdf Graphic file (type pdf)
 <use publications/RPA.pdf, page 7>
File: publications/RPA.pdf Graphic file (type pdf)

<use publications/RPA.pdf, page 7> [20 <./publications/RPA.pdf>]
<publications/RPA.pdf, id=245, page=8, 569.12625pt x 776.9025pt>
File: publications/RPA.pdf Graphic file (type pdf)

<use publications/RPA.pdf, page 8>
File: publications/RPA.pdf Graphic file (type pdf)
 <use publications/RPA.pdf, page 8>
File: publications/RPA.pdf Graphic file (type pdf)

<use publications/RPA.pdf, page 8> [21 <./publications/RPA.pdf>]
<publications/RPA.pdf, id=251, page=9, 569.12625pt x 776.9025pt>
File: publications/RPA.pdf Graphic file (type pdf)

<use publications/RPA.pdf, page 9>
File: publications/RPA.pdf Graphic file (type pdf)
 <use publications/RPA.pdf, page 9>
File: publications/RPA.pdf Graphic file (type pdf)

<use publications/RPA.pdf, page 9> [22 <./publications/RPA.pdf>]
<publications/RPA.pdf, id=260, page=10, 569.12625pt x 776.9025pt>
File: publications/RPA.pdf Graphic file (type pdf)

<use publications/RPA.pdf, page 10>
File: publications/RPA.pdf Graphic file (type pdf)
 <use publications/RPA.pdf, page 10>
File: publications/RPA.pdf Graphic file (type pdf)

<use publications/RPA.pdf, page 10> [23 <./publications/RPA.pdf>] [24

] [25]
[26

] <publications/NR.pdf, id=280, page=1, 614.58582pt x 794.13535pt>
File: publications/NR.pdf Graphic file (type pdf)

<use publications/NR.pdf, page 1>
File: publications/NR.pdf Graphic file (type pdf)
 <use publications/NR.pdf, page 1>
File: publications/NR.pdf Graphic file (type pdf)

<use publications/NR.pdf, page 1>
File: publications/NR.pdf Graphic file (type pdf)
 <use publications/NR.pdf, page 1>
File: publications/NR.pdf Graphic file (type pdf)

<use publications/NR.pdf, page 1> [27 <./publications/NR.pdf>]
<publications/NR.pdf, id=332, page=2, 614.58582pt x 794.13535pt>
File: publications/NR.pdf Graphic file (type pdf)

<use publications/NR.pdf, page 2>
File: publications/NR.pdf Graphic file (type pdf)
 <use publications/NR.pdf, page 2>
File: publications/NR.pdf Graphic file (type pdf)

<use publications/NR.pdf, page 2> [28 <./publications/NR.pdf>]
<publications/NR.pdf, id=348, page=3, 614.58582pt x 794.13535pt>
File: publications/NR.pdf Graphic file (type pdf)

<use publications/NR.pdf, page 3>
File: publications/NR.pdf Graphic file (type pdf)
 <use publications/NR.pdf, page 3>
File: publications/NR.pdf Graphic file (type pdf)

<use publications/NR.pdf, page 3> [29 <./publications/NR.pdf>]
<publications/NR.pdf, id=367, page=4, 614.58582pt x 794.13535pt>
File: publications/NR.pdf Graphic file (type pdf)

<use publications/NR.pdf, page 4>
File: publications/NR.pdf Graphic file (type pdf)
 <use publications/NR.pdf, page 4>
File: publications/NR.pdf Graphic file (type pdf)

<use publications/NR.pdf, page 4> [30 <./publications/NR.pdf>]
<publications/NR.pdf, id=372, page=5, 614.58582pt x 794.13535pt>
File: publications/NR.pdf Graphic file (type pdf)

<use publications/NR.pdf, page 5>
File: publications/NR.pdf Graphic file (type pdf)
 <use publications/NR.pdf, page 5>
File: publications/NR.pdf Graphic file (type pdf)

<use publications/NR.pdf, page 5> [31 <./publications/NR.pdf>]
<publications/NR.pdf, id=494, page=6, 614.58582pt x 794.13535pt>
File: publications/NR.pdf Graphic file (type pdf)

<use publications/NR.pdf, page 6>
File: publications/NR.pdf Graphic file (type pdf)
 <use publications/NR.pdf, page 6>
File: publications/NR.pdf Graphic file (type pdf)

<use publications/NR.pdf, page 6> [32 <./publications/NR.pdf>]
<publications/NR.pdf, id=499, page=7, 614.58582pt x 794.13535pt>
File: publications/NR.pdf Graphic file (type pdf)

<use publications/NR.pdf, page 7>
File: publications/NR.pdf Graphic file (type pdf)
 <use publications/NR.pdf, page 7>
File: publications/NR.pdf Graphic file (type pdf)

<use publications/NR.pdf, page 7> [33 <./publications/NR.pdf>]
<publications/NR.pdf, id=504, page=8, 614.58582pt x 794.13535pt>
File: publications/NR.pdf Graphic file (type pdf)

<use publications/NR.pdf, page 8>
File: publications/NR.pdf Graphic file (type pdf)
 <use publications/NR.pdf, page 8>
File: publications/NR.pdf Graphic file (type pdf)

<use publications/NR.pdf, page 8> [34 <./publications/NR.pdf>] [35

] [36

]
<publications/MLSP09.pdf, id=517, page=2, 614.295pt x 794.97pt>
File: publications/MLSP09.pdf Graphic file (type pdf)

<use publications/MLSP09.pdf, page 2>
File: publications/MLSP09.pdf Graphic file (type pdf)
 <use publications/MLSP09.pdf, page 2>
File: publications/MLSP09.pdf Graphic file (type pdf)

<use publications/MLSP09.pdf, page 2>
File: publications/MLSP09.pdf Graphic file (type pdf)
 <use publications/MLSP09.pdf, page 2>
File: publications/MLSP09.pdf Graphic file (type pdf)

<use publications/MLSP09.pdf, page 2> [37 <./publications/MLSP09.pdf>]
<publications/MLSP09.pdf, id=537, page=3, 614.295pt x 794.97pt>
File: publications/MLSP09.pdf Graphic file (type pdf)

<use publications/MLSP09.pdf, page 3>
File: publications/MLSP09.pdf Graphic file (type pdf)
 <use publications/MLSP09.pdf, page 3>
File: publications/MLSP09.pdf Graphic file (type pdf)

<use publications/MLSP09.pdf, page 3> [38 <./publications/MLSP09.pdf>]
<publications/MLSP09.pdf, id=571, page=4, 614.295pt x 794.97pt>
File: publications/MLSP09.pdf Graphic file (type pdf)

<use publications/MLSP09.pdf, page 4>
File: publications/MLSP09.pdf Graphic file (type pdf)
 <use publications/MLSP09.pdf, page 4>
File: publications/MLSP09.pdf Graphic file (type pdf)

<use publications/MLSP09.pdf, page 4> [39 <./publications/MLSP09.pdf>]
<publications/MLSP09.pdf, id=584, page=5, 614.295pt x 794.97pt>
File: publications/MLSP09.pdf Graphic file (type pdf)

<use publications/MLSP09.pdf, page 5>
File: publications/MLSP09.pdf Graphic file (type pdf)
 <use publications/MLSP09.pdf, page 5>
File: publications/MLSP09.pdf Graphic file (type pdf)

<use publications/MLSP09.pdf, page 5> [40 <./publications/MLSP09.pdf>]
<publications/MLSP09.pdf, id=596, page=6, 614.295pt x 794.97pt>
File: publications/MLSP09.pdf Graphic file (type pdf)

<use publications/MLSP09.pdf, page 6>
File: publications/MLSP09.pdf Graphic file (type pdf)
 <use publications/MLSP09.pdf, page 6>
File: publications/MLSP09.pdf Graphic file (type pdf)

<use publications/MLSP09.pdf, page 6> [41 <./publications/MLSP09.pdf>]
<publications/MLSP09.pdf, id=601, page=7, 614.295pt x 794.97pt>
File: publications/MLSP09.pdf Graphic file (type pdf)

<use publications/MLSP09.pdf, page 7>
File: publications/MLSP09.pdf Graphic file (type pdf)
 <use publications/MLSP09.pdf, page 7>
File: publications/MLSP09.pdf Graphic file (type pdf)

<use publications/MLSP09.pdf, page 7> [42 <./publications/MLSP09.pdf>] [43

]
[44

] <publications/ecml04.pdf, id=615, page=1, 614.295pt x 794.97pt>
File: publications/ecml04.pdf Graphic file (type pdf)

<use publications/ecml04.pdf, page 1>
File: publications/ecml04.pdf Graphic file (type pdf)
 <use publications/ecml04.pdf, page 1>
File: publications/ecml04.pdf Graphic file (type pdf)

<use publications/ecml04.pdf, page 1>
File: publications/ecml04.pdf Graphic file (type pdf)
 <use publications/ecml04.pdf, page 1>
File: publications/ecml04.pdf Graphic file (type pdf)

<use publications/ecml04.pdf, page 1> [45 <./publications/ecml04.pdf>]
<publications/ecml04.pdf, id=1042, page=2, 614.295pt x 794.97pt>
File: publications/ecml04.pdf Graphic file (type pdf)

<use publications/ecml04.pdf, page 2>
File: publications/ecml04.pdf Graphic file (type pdf)
 <use publications/ecml04.pdf, page 2>
File: publications/ecml04.pdf Graphic file (type pdf)

<use publications/ecml04.pdf, page 2> [46 <./publications/ecml04.pdf>]
<publications/ecml04.pdf, id=1101, page=3, 614.295pt x 794.97pt>
File: publications/ecml04.pdf Graphic file (type pdf)

<use publications/ecml04.pdf, page 3>
File: publications/ecml04.pdf Graphic file (type pdf)
 <use publications/ecml04.pdf, page 3>
File: publications/ecml04.pdf Graphic file (type pdf)

<use publications/ecml04.pdf, page 3> [47 <./publications/ecml04.pdf>]
<publications/ecml04.pdf, id=1129, page=4, 614.295pt x 794.97pt>
File: publications/ecml04.pdf Graphic file (type pdf)

<use publications/ecml04.pdf, page 4>
File: publications/ecml04.pdf Graphic file (type pdf)
 <use publications/ecml04.pdf, page 4>
File: publications/ecml04.pdf Graphic file (type pdf)

<use publications/ecml04.pdf, page 4> [48 <./publications/ecml04.pdf>]
<publications/ecml04.pdf, id=1144, page=5, 614.295pt x 794.97pt>
File: publications/ecml04.pdf Graphic file (type pdf)

<use publications/ecml04.pdf, page 5>
File: publications/ecml04.pdf Graphic file (type pdf)
 <use publications/ecml04.pdf, page 5>
File: publications/ecml04.pdf Graphic file (type pdf)

<use publications/ecml04.pdf, page 5> [49 <./publications/ecml04.pdf>]
<publications/ecml04.pdf, id=1200, page=6, 614.295pt x 794.97pt>
File: publications/ecml04.pdf Graphic file (type pdf)

<use publications/ecml04.pdf, page 6>
File: publications/ecml04.pdf Graphic file (type pdf)
 <use publications/ecml04.pdf, page 6>
File: publications/ecml04.pdf Graphic file (type pdf)

<use publications/ecml04.pdf, page 6> [50 <./publications/ecml04.pdf>]
<publications/ecml04.pdf, id=1204, page=7, 614.295pt x 794.97pt>
File: publications/ecml04.pdf Graphic file (type pdf)

<use publications/ecml04.pdf, page 7>
File: publications/ecml04.pdf Graphic file (type pdf)
 <use publications/ecml04.pdf, page 7>
File: publications/ecml04.pdf Graphic file (type pdf)

<use publications/ecml04.pdf, page 7> [51 <./publications/ecml04.pdf>]
<publications/ecml04.pdf, id=1208, page=8, 614.295pt x 794.97pt>
File: publications/ecml04.pdf Graphic file (type pdf)

<use publications/ecml04.pdf, page 8>
File: publications/ecml04.pdf Graphic file (type pdf)
 <use publications/ecml04.pdf, page 8>
File: publications/ecml04.pdf Graphic file (type pdf)

<use publications/ecml04.pdf, page 8> [52 <./publications/ecml04.pdf>]
<publications/ecml04.pdf, id=1212, page=9, 614.295pt x 794.97pt>
File: publications/ecml04.pdf Graphic file (type pdf)

<use publications/ecml04.pdf, page 9>
File: publications/ecml04.pdf Graphic file (type pdf)
 <use publications/ecml04.pdf, page 9>
File: publications/ecml04.pdf Graphic file (type pdf)

<use publications/ecml04.pdf, page 9> [53 <./publications/ecml04.pdf>]
<publications/ecml04.pdf, id=1217, page=10, 614.295pt x 794.97pt>
File: publications/ecml04.pdf Graphic file (type pdf)

<use publications/ecml04.pdf, page 10>
File: publications/ecml04.pdf Graphic file (type pdf)
 <use publications/ecml04.pdf, page 10>
File: publications/ecml04.pdf Graphic file (type pdf)

<use publications/ecml04.pdf, page 10> [54 <./publications/ecml04.pdf>]
<publications/ecml04.pdf, id=1221, page=11, 614.295pt x 794.97pt>
File: publications/ecml04.pdf Graphic file (type pdf)

<use publications/ecml04.pdf, page 11>
File: publications/ecml04.pdf Graphic file (type pdf)
 <use publications/ecml04.pdf, page 11>
File: publications/ecml04.pdf Graphic file (type pdf)

<use publications/ecml04.pdf, page 11> [55 <./publications/ecml04.pdf>]
[56

] [57] [58

] <publications/AC.pdf, id=1237, page=2, 614.295pt x 794.97pt>
File: publications/AC.pdf Graphic file (type pdf)

<use publications/AC.pdf, page 2>
File: publications/AC.pdf Graphic file (type pdf)
 <use publications/AC.pdf, page 2>
File: publications/AC.pdf Graphic file (type pdf)

<use publications/AC.pdf, page 2>
File: publications/AC.pdf Graphic file (type pdf)
 <use publications/AC.pdf, page 2>
File: publications/AC.pdf Graphic file (type pdf)

<use publications/AC.pdf, page 2> [59 <./publications/AC.pdf>]
<publications/AC.pdf, id=1288, page=3, 614.295pt x 794.97pt>
File: publications/AC.pdf Graphic file (type pdf)

<use publications/AC.pdf, page 3>
File: publications/AC.pdf Graphic file (type pdf)
 <use publications/AC.pdf, page 3>
File: publications/AC.pdf Graphic file (type pdf)

<use publications/AC.pdf, page 3> [60 <./publications/AC.pdf>]
<publications/AC.pdf, id=1292, page=4, 614.295pt x 794.97pt>
File: publications/AC.pdf Graphic file (type pdf)

<use publications/AC.pdf, page 4>
File: publications/AC.pdf Graphic file (type pdf)
 <use publications/AC.pdf, page 4>
File: publications/AC.pdf Graphic file (type pdf)

<use publications/AC.pdf, page 4> [61 <./publications/AC.pdf>]
<publications/AC.pdf, id=1306, page=5, 614.295pt x 794.97pt>
File: publications/AC.pdf Graphic file (type pdf)

<use publications/AC.pdf, page 5>
File: publications/AC.pdf Graphic file (type pdf)
 <use publications/AC.pdf, page 5>
File: publications/AC.pdf Graphic file (type pdf)

<use publications/AC.pdf, page 5> [62 <./publications/AC.pdf>]
<publications/AC.pdf, id=1315, page=6, 614.295pt x 794.97pt>
File: publications/AC.pdf Graphic file (type pdf)

<use publications/AC.pdf, page 6>
File: publications/AC.pdf Graphic file (type pdf)
 <use publications/AC.pdf, page 6>
File: publications/AC.pdf Graphic file (type pdf)

<use publications/AC.pdf, page 6> [63 <./publications/AC.pdf>]
<publications/AC.pdf, id=1321, page=7, 614.295pt x 794.97pt>
File: publications/AC.pdf Graphic file (type pdf)

<use publications/AC.pdf, page 7>
File: publications/AC.pdf Graphic file (type pdf)
 <use publications/AC.pdf, page 7>
File: publications/AC.pdf Graphic file (type pdf)

<use publications/AC.pdf, page 7> [64 <./publications/AC.pdf>]
<publications/AC.pdf, id=1325, page=8, 614.295pt x 794.97pt>
File: publications/AC.pdf Graphic file (type pdf)

<use publications/AC.pdf, page 8>
File: publications/AC.pdf Graphic file (type pdf)
 <use publications/AC.pdf, page 8>
File: publications/AC.pdf Graphic file (type pdf)

<use publications/AC.pdf, page 8> [65 <./publications/AC.pdf>]
<publications/AC.pdf, id=1330, page=9, 614.295pt x 794.97pt>
File: publications/AC.pdf Graphic file (type pdf)

<use publications/AC.pdf, page 9>
File: publications/AC.pdf Graphic file (type pdf)
 <use publications/AC.pdf, page 9>
File: publications/AC.pdf Graphic file (type pdf)

<use publications/AC.pdf, page 9> [66 <./publications/AC.pdf>]
<publications/AC.pdf, id=1336, page=10, 614.295pt x 794.97pt>
File: publications/AC.pdf Graphic file (type pdf)

<use publications/AC.pdf, page 10>
File: publications/AC.pdf Graphic file (type pdf)
 <use publications/AC.pdf, page 10>
File: publications/AC.pdf Graphic file (type pdf)

<use publications/AC.pdf, page 10> [67 <./publications/AC.pdf>]
<publications/AC.pdf, id=1343, page=11, 614.295pt x 794.97pt>
File: publications/AC.pdf Graphic file (type pdf)

<use publications/AC.pdf, page 11>
File: publications/AC.pdf Graphic file (type pdf)
 <use publications/AC.pdf, page 11>
File: publications/AC.pdf Graphic file (type pdf)

<use publications/AC.pdf, page 11> [68 <./publications/AC.pdf>]
<publications/AC.pdf, id=1347, page=12, 614.295pt x 794.97pt>
File: publications/AC.pdf Graphic file (type pdf)

<use publications/AC.pdf, page 12>
File: publications/AC.pdf Graphic file (type pdf)
 <use publications/AC.pdf, page 12>
File: publications/AC.pdf Graphic file (type pdf)

<use publications/AC.pdf, page 12> [69 <./publications/AC.pdf>]
<publications/AC.pdf, id=1352, page=13, 614.295pt x 794.97pt>
File: publications/AC.pdf Graphic file (type pdf)

<use publications/AC.pdf, page 13>
File: publications/AC.pdf Graphic file (type pdf)
 <use publications/AC.pdf, page 13>
File: publications/AC.pdf Graphic file (type pdf)

<use publications/AC.pdf, page 13> [70 <./publications/AC.pdf>]
<publications/AC.pdf, id=1357, page=14, 614.295pt x 794.97pt>
File: publications/AC.pdf Graphic file (type pdf)

<use publications/AC.pdf, page 14>
File: publications/AC.pdf Graphic file (type pdf)
 <use publications/AC.pdf, page 14>
File: publications/AC.pdf Graphic file (type pdf)

<use publications/AC.pdf, page 14> [71 <./publications/AC.pdf>]
<publications/AC.pdf, id=1361, page=15, 614.295pt x 794.97pt>
File: publications/AC.pdf Graphic file (type pdf)

<use publications/AC.pdf, page 15>
File: publications/AC.pdf Graphic file (type pdf)
 <use publications/AC.pdf, page 15>
File: publications/AC.pdf Graphic file (type pdf)

<use publications/AC.pdf, page 15> [72 <./publications/AC.pdf>]
(./pubcovers_b5.aux) ) 
Here is how much of TeX's memory you used:
 2280 strings out of 95082
 34647 string characters out of 1183133
 82752 words of memory out of 1500000
 5440 multiletter control sequences out of 10000+50000
 6176 words of font info for 19 fonts, out of 1200000 for 2000
 28 hyphenation exceptions out of 8191
 33i,16n,37p,259b,385s stack positions out of 5000i,500n,6000p,200000b,5000s
{/usr/share/texmf-texlive/fonts/enc/dvips/base/8r.enc}</u
sr/share/texmf-texlive/fonts/type1/bluesky/cm/cmbx10.pfb></usr/share/texmf-texl
ive/fonts/type1/bluesky/cm/cmbx12.pfb></usr/share/texmf-texlive/fonts/type1/blu
esky/cm/cmbx7.pfb></usr/share/texmf-texlive/fonts/type1/bluesky/cm/cmex10.pfb><
/usr/share/texmf-texlive/fonts/type1/bluesky/cm/cmmi10.pfb></usr/share/texmf-te
xlive/fonts/type1/bluesky/cm/cmmi7.pfb></usr/share/texmf-texlive/fonts/type1/bl
uesky/cm/cmmi8.pfb></usr/share/texmf-texlive/fonts/type1/bluesky/cm/cmr10.pfb><
/usr/share/texmf-texlive/fonts/type1/bluesky/cm/cmr7.pfb></usr/share/texmf-texl
ive/fonts/type1/bluesky/cm/cmr8.pfb></usr/share/texmf-texlive/fonts/type1/blues
ky/cm/cmsy10.pfb></usr/share/texmf-texlive/fonts/type1/bluesky/cm/cmsy7.pfb></u
sr/share/texmf-texlive/fonts/type1/bluesky/cm/cmsy8.pfb></usr/share/texmf-texli
ve/fonts/type1/bluesky/cm/cmti10.pfb></usr/share/texmf-texlive/fonts/type1/urw/
times/utmr8a.pfb>
Output written on pubcovers_b5.pdf (72 pages, 3102859 bytes).
PDF statistics:
 1399 PDF objects out of 1440 (max. 8388607)
 0 named destinations out of 1000 (max. 131072)
 351 words of extra memory for PDF output out of 10000 (max. 10000000)

