This is pdfTeXk, Version 3.141592-1.40.3 (Web2C 7.5.6) (format=latex 2010.5.6)  3 DEC 2010 18:48
entering extended mode
 %&-line parsing enabled.
**thesis.tex
(./thesis.tex
LaTeX2e <2005/12/01>
Babel <v3.8h> and hyphenation patterns for english, usenglishmax, dumylang, noh
yphenation, finnish, loaded.
(/usr/share/texmf-texlive/tex/latex/base/report.cls
Document Class: report 2005/09/16 v1.4f Standard LaTeX document class
(/usr/share/texmf-texlive/tex/latex/base/size10.clo
File: size10.clo 2005/09/16 v1.4f Standard LaTeX file (size option)
)
\c@part=\count79
\c@chapter=\count80
\c@section=\count81
\c@subsection=\count82
\c@subsubsection=\count83
\c@paragraph=\count84
\c@subparagraph=\count85
\c@figure=\count86
\c@table=\count87
\abovecaptionskip=\skip41
\belowcaptionskip=\skip42
\bibindent=\dimen102
)
(/usr/share/texmf-texlive/tex/latex/base/inputenc.sty
Package: inputenc 2006/05/05 v1.1b Input encoding file
\inpenc@prehook=\toks14
\inpenc@posthook=\toks15

(/usr/share/texmf-texlive/tex/latex/base/latin1.def
File: latin1.def 2006/05/05 v1.1b Input encoding file
))
(/usr/share/texmf-texlive/tex/latex/graphics/graphicx.sty
Package: graphicx 1999/02/16 v1.0f Enhanced LaTeX Graphics (DPC,SPQR)

(/usr/share/texmf-texlive/tex/latex/graphics/keyval.sty
Package: keyval 1999/03/16 v1.13 key=value parser (DPC)
\KV@toks@=\toks16
)
(/usr/share/texmf-texlive/tex/latex/graphics/graphics.sty
Package: graphics 2006/02/20 v1.0o Standard LaTeX Graphics (DPC,SPQR)

(/usr/share/texmf-texlive/tex/latex/graphics/trig.sty
Package: trig 1999/03/16 v1.09 sin cos tan (DPC)
)
(/etc/texmf/tex/latex/config/graphics.cfg
File: graphics.cfg 2007/01/18 v1.5 graphics configuration of teTeX/TeXLive
)
Package graphics Info: Driver file: dvips.def on input line 90.

(/usr/share/texmf-texlive/tex/latex/graphics/dvips.def
File: dvips.def 1999/02/16 v3.0i Driver-dependant file (DPC,SPQR)
))
\Gin@req@height=\dimen103
\Gin@req@width=\dimen104
)
(/usr/share/texmf-texlive/tex/generic/babel/babel.sty
Package: babel 2005/11/23 v3.8h The Babel package

(/usr/share/texmf-texlive/tex/generic/babel/finnish.ldf
Language: finnish 2005/03/30 v1.3p Finnish support from the babel system

(/usr/share/texmf-texlive/tex/generic/babel/babel.def
File: babel.def 2005/11/23 v3.8h Babel common definitions
\babel@savecnt=\count88
\U@D=\dimen105
)
Package babel Info: Making " an active character on input line 89.
)
(/usr/share/texmf-texlive/tex/generic/babel/english.ldf
Language: english 2005/03/30 v3.3o English support from the babel system
\l@british = a dialect from \language\l@english 
\l@UKenglish = a dialect from \language\l@english 
\l@canadian = a dialect from \language\l@american 
\l@australian = a dialect from \language\l@british 
\l@newzealand = a dialect from \language\l@british 
)) (./bibalias.sty)
(/usr/share/texmf-texlive/tex/latex/amsmath/amsmath.sty
Package: amsmath 2000/07/18 v2.13 AMS math features
\@mathmargin=\skip43

For additional information on amsmath, use the `?' option.
(/usr/share/texmf-texlive/tex/latex/amsmath/amstext.sty
Package: amstext 2000/06/29 v2.01

(/usr/share/texmf-texlive/tex/latex/amsmath/amsgen.sty
File: amsgen.sty 1999/11/30 v2.0
\@emptytoks=\toks17
\ex@=\dimen106
))
(/usr/share/texmf-texlive/tex/latex/amsmath/amsbsy.sty
Package: amsbsy 1999/11/29 v1.2d
\pmbraise@=\dimen107
)
(/usr/share/texmf-texlive/tex/latex/amsmath/amsopn.sty
Package: amsopn 1999/12/14 v2.01 operator names
)
\inf@bad=\count89
LaTeX Info: Redefining \frac on input line 211.
\uproot@=\count90
\leftroot@=\count91
LaTeX Info: Redefining \overline on input line 307.
\classnum@=\count92
\DOTSCASE@=\count93
LaTeX Info: Redefining \ldots on input line 379.
LaTeX Info: Redefining \dots on input line 382.
LaTeX Info: Redefining \cdots on input line 467.
\Mathstrutbox@=\box26
\strutbox@=\box27
\big@size=\dimen108
LaTeX Font Info:    Redeclaring font encoding OML on input line 567.
LaTeX Font Info:    Redeclaring font encoding OMS on input line 568.
\macc@depth=\count94
\c@MaxMatrixCols=\count95
\dotsspace@=\muskip10
\c@parentequation=\count96
\dspbrk@lvl=\count97
\tag@help=\toks18
\row@=\count98
\column@=\count99
\maxfields@=\count100
\andhelp@=\toks19
\eqnshift@=\dimen109
\alignsep@=\dimen110
\tagshift@=\dimen111
\tagwidth@=\dimen112
\totwidth@=\dimen113
\lineht@=\dimen114
\@envbody=\toks20
\multlinegap=\skip44
\multlinetaggap=\skip45
\mathdisplay@stack=\toks21
LaTeX Info: Redefining \[ on input line 2666.
LaTeX Info: Redefining \] on input line 2667.
)
(/usr/share/texmf-texlive/tex/latex/amsfonts/amssymb.sty
Package: amssymb 2002/01/22 v2.2d

(/usr/share/texmf-texlive/tex/latex/amsfonts/amsfonts.sty
Package: amsfonts 2001/10/25 v2.2f
\symAMSa=\mathgroup4
\symAMSb=\mathgroup5
LaTeX Font Info:    Overwriting math alphabet `\mathfrak' in version `bold'
(Font)                  U/euf/m/n --> U/euf/b/n on input line 132.
))
(/usr/share/texmf-texlive/tex/latex/caption/caption.sty
Package: caption 2007/01/07 v3.0k Customising captions (AR)

(/usr/share/texmf-texlive/tex/latex/caption/caption3.sty
Package: caption3 2007/01/07 v3.0k caption3 kernel (AR)
\captionmargin=\dimen115
\captionmarginx=\dimen116
\captionwidth=\dimen117
\captionindent=\dimen118
\captionparindent=\dimen119
\captionhangindent=\dimen120
))
(/usr/share/texmf-texlive/tex/latex/geometry/geometry.sty
Package: geometry 2002/07/08 v3.2 Page Geometry
\Gm@cnth=\count101
\Gm@cntv=\count102
\c@Gm@tempcnt=\count103
\Gm@bindingoffset=\dimen121
\Gm@wd@mp=\dimen122
\Gm@odd@mp=\dimen123
\Gm@even@mp=\dimen124
\Gm@dimlist=\toks22

(/usr/share/texmf-texlive/tex/xelatex/xetexconfig/geometry.cfg))
(/usr/share/texmf-texlive/tex/latex/natbib/natbib.sty
Package: natbib 2007/02/05 8.0 (PWD)
\bibhang=\skip46
\bibsep=\skip47
LaTeX Info: Redefining \cite on input line 602.
\c@NAT@ctr=\count104
)
(/usr/share/texmf-texlive/tex/latex/fancyhdr/fancyheadings.sty
Package: fancyheadings 2008/02/04 1.99 Dummy package to call fancyhdr


Package fancyheadings Warning: Please stop using fancyheadings!
(fancyheadings)                Use fancyhdr instead.
(fancyheadings)                We will call fancyhdr with the very same
(fancyheadings)                options you passed to fancyheadings.
(fancyheadings)                
(fancyheadings)                fancyhdr is 99 percent compatible with
(fancyheadings)                fancyheadings. The only incompatibility is
(fancyheadings)                that \headrulewidth and \footrulewidth and
(fancyheadings)                their \plain... versions are no longer length
(fancyheadings)                parameters, but normal macros (to be changed
(fancyheadings)                with \renewcommand rather than \setlength)..

(/usr/share/texmf-texlive/tex/latex/fancyhdr/fancyhdr.sty
\fancy@headwidth=\skip48
\f@ncyO@elh=\skip49
\f@ncyO@erh=\skip50
\f@ncyO@olh=\skip51
\f@ncyO@orh=\skip52
\f@ncyO@elf=\skip53
\f@ncyO@erf=\skip54
\f@ncyO@olf=\skip55
\f@ncyO@orf=\skip56
))
(/usr/share/texmf-texlive/tex/latex/ltxmisc/chngpage.sty
Package: chngpage 2003/08/10 v1.2 change page layout
\c@cp@cnt=\count105
\c@cp@tempcnt=\count106
)
(/usr/share/texmf-texlive/tex/latex/setspace/setspace.sty
Package: setspace 2000/12/01 6.7 Contributed and Supported LaTeX2e package

Package: `setspace' 6.7 <2000/12/01>
) (/usr/share/texmf-texlive/tex/latex/tools/verbatim.sty
Package: verbatim 2003/08/22 v1.5q LaTeX2e package for verbatim enhancements
\every@verbatim=\toks23
\verbatim@line=\toks24
\verbatim@in@stream=\read1
)
(/usr/share/texmf-texlive/tex/latex/ltxmisc/url.sty
\Urlmuskip=\muskip11
Package: url 2005/06/27  ver 3.2  Verb mode for urls, etc.
) (./symbols.tex)
(./thesis.aux)
\openout1 = `thesis.aux'.

LaTeX Font Info:    Checking defaults for OML/cmm/m/it on input line 52.
LaTeX Font Info:    ... okay on input line 52.
LaTeX Font Info:    Checking defaults for T1/cmr/m/n on input line 52.
LaTeX Font Info:    ... okay on input line 52.
LaTeX Font Info:    Checking defaults for OT1/cmr/m/n on input line 52.
LaTeX Font Info:    ... okay on input line 52.
LaTeX Font Info:    Checking defaults for OMS/cmsy/m/n on input line 52.
LaTeX Font Info:    ... okay on input line 52.
LaTeX Font Info:    Checking defaults for OMX/cmex/m/n on input line 52.
LaTeX Font Info:    ... okay on input line 52.
LaTeX Font Info:    Checking defaults for U/cmr/m/n on input line 52.
LaTeX Font Info:    ... okay on input line 52.
 (/usr/share/texmf/tex/latex/dblatex/misc/ragged2e.sty
Package: ragged2e 2003/03/25 v2.04 ragged2e Package (MS)

(/usr/share/texmf-texlive/tex/latex/everysel/everysel.sty
Package: everysel 1999/06/08 v1.03 EverySelectfont Package (MS)
LaTeX Info: Redefining \selectfont on input line 125.
)
\CenteringLeftskip=\skip57
\RaggedLeftLeftskip=\skip58
\RaggedRightLeftskip=\skip59
\CenteringRightskip=\skip60
\RaggedLeftRightskip=\skip61
\RaggedRightRightskip=\skip62
\CenteringParfillskip=\skip63
\RaggedLeftParfillskip=\skip64
\RaggedRightParfillskip=\skip65
\JustifyingParfillskip=\skip66
\CenteringParindent=\skip67
\RaggedLeftParindent=\skip68
\RaggedRightParindent=\skip69
\JustifyingParindent=\skip70
)
-------------------- Geometry parameters
paper: b5paper
landscape: --
twocolumn: --
twoside: true
asymmetric: --
h-parts: 60.09283pt, 0.7\paperwidth , 90.13925pt (default)
v-parts: 85.35913pt, 0.7\paperheight , 128.03871pt (default)
hmarginratio: 2:3
vmarginratio: 2:3
lines: --
heightrounded: --
bindingoffset: 0.0pt
truedimen: --
includehead: --
includefoot: --
includemp: --
driver: dvips
-------------------- Page layout dimensions and switches
\paperwidth  500.7685pt
\paperheight 711.3189pt
\textwidth  356.22849pt
\textheight 597.50787pt
\oddsidemargin  0.0pt
\evensidemargin 0.0pt
\topmargin  -42.67912pt
\headheight 12.0pt
\headsep    25.0pt
\footskip   30.0pt
\marginparwidth 121.0pt
\marginparsep   11.0pt
\columnsep  10.0pt
\skip\footins  9.0pt plus 4.0pt minus 2.0pt
\hoffset 0.0pt
\voffset 0.0pt
\mag 1000
\@twosidetrue \@mparswitchtrue 
(1in=72.27pt, 1cm=28.45pt)
-----------------------
 (./preliminary.tex
Underfull \hbox (badness 10000) in paragraph at lines 27--31

 []


Underfull \hbox (badness 10000) in paragraph at lines 32--36

 []

[1

]
Underfull \hbox (badness 10000) in paragraph at lines 42--53

 []

LaTeX Font Info:    Try loading font information for OMS+cmr on input line 55.
(/usr/share/texmf-texlive/tex/latex/base/omscmr.fd
File: omscmr.fd 1999/05/25 v2.5h Standard LaTeX font definitions
)
LaTeX Font Info:    Font shape `OMS/cmr/m/n' in size <10> not available
(Font)              Font shape `OMS/cmsy/m/n' tried instead on input line 55.

Underfull \hbox (badness 10000) in paragraph at lines 54--58

 []

File: pic/cclogo.eps Graphic file (type eps)
<pic/cclogo.eps>
Underfull \hbox (badness 10000) in paragraph at lines 62--70

 []


Underfull \hbox (badness 10000) in paragraph at lines 71--77

 []

) [2] (./abstract.tex
Underfull \hbox (badness 10000) in paragraph at lines 5--9

 []


Underfull \hbox (badness 10000) in paragraph at lines 10--13

 []

) [1] (./abstractFin.tex
Underfull \hbox (badness 10000) in paragraph at lines 5--9

 []


Underfull \hbox (badness 10000) in paragraph at lines 10--14

 []


Overfull \hbox (2.10558pt too wide) in paragraph at lines 15--27
[]\OT1/cmr/m/n/10 Mittausmenetelmien ke-hi-tys ja tutkimustiedon laa-jen-tunut 
saatavuus ovat mah-
 []


Overfull \hbox (2.98532pt too wide) in paragraph at lines 15--27
\OT1/cmr/m/n/10 el^^?am^^?an synty^^?a ja raken-netta uusin tavoin. Toimin-nall
i-nen genomi-ikka on molekyyli-
 []


Overfull \hbox (1.4667pt too wide) in paragraph at lines 28--43
[]\OT1/cmr/m/n/10 T^^?ass^^?a v^^?ait^^?oskir-jassa on ke-hitetty yleisk^^?aytt
^^?oisi^^?a lasken-nal-lisia menetelmi^^?a, joilla
 []


Overfull \hbox (0.74449pt too wide) in paragraph at lines 28--43
\OT1/cmr/m/n/10 jonka avulla solu s^^?a^^?atelee pro-tei-inien tuot-toa ja solu
n toi-min-taa ajasta ja tilanteesta
 []

) [2] (./thesis.toc
LaTeX Font Info:    Try loading font information for U+msa on input line 2.
 (/usr/share/texmf-texlive/tex/latex/amsfonts/umsa.fd
File: umsa.fd 2002/01/19 v2.2g AMS font definitions
)
LaTeX Font Info:    Try loading font information for U+msb on input line 2.

(/usr/share/texmf-texlive/tex/latex/amsfonts/umsb.fd
File: umsb.fd 2002/01/19 v2.2g AMS font definitions
) [3

])
\tf@toc=\write3
\openout3 = `thesis.toc'.

 [4] (./preface.tex
[5

]
Underfull \hbox (badness 10000) in paragraph at lines 93--97

 []

) [6] (./publications.tex) [7] (./contributions.tex) [8] (./abbreviations.tex
Underfull \hbox (badness 10000) in paragraph at lines 12--62

 []

) [9] (./intro.tex
Chapter 1.
[1

] [2]
Overfull \hbox (5.02109pt too wide) in paragraph at lines 115--127
[]\OT1/cmr/m/n/10 A novel strat-egy for organism-wide anal-y-sis of tran-script
-io-nal ac-tiv-ity in genome-
 []

) [3] (./biobg.tex
Chapter 2.
[4

]
File: pic/bio.eps Graphic file (type eps)
 <pic/bio.eps> [5] [6] [7] [8] [9]
Underfull \vbox (badness 5637) has occurred while \output is active []

 [10]
[11] [12]) [13] (./methodbg.tex
Chapter 3.
[14

] [15]
Underfull \vbox (badness 5817) has occurred while \output is active []

 [16]
Underfull \vbox (badness 10000) has occurred while \output is active []

 [17]
[18] [19] [20] [21] [22] [23]
Underfull \vbox (badness 10000) has occurred while \output is active []

 [24]
[25] [26] [27] [28]) [29] [30] (./preprocessing.tex
Chapter 4.
[31

]
File: pic/probecomparison.eps Graphic file (type eps)
 <pic/probecomparison.eps>
LaTeX Font Info:    Font shape `OMS/cmr/m/n' in size <8> not available
(Font)              Font shape `OMS/cmsy/m/n' tried instead on input line 95.


Package Fancyhdr Warning: \headheight is too small (12.0pt): 
 Make it at least 20.45001pt.
 We now make it that large for the rest of the document.
 This may cause the page layout to be inconsistent, however.

[32]
Underfull \vbox (badness 10000) has occurred while \output is active []

 [33]
[34] [35]
File: pic/gni.eps Graphic file (type eps)
 <pic/gni.eps>
File: pic/ALLcomp-xfig.eps Graphic file (type eps)
 <pic/ALLcomp-xfig.eps>
Overfull \hbox (9.7478pt too wide) in paragraph at lines 325--348
 [][] 
 []

[36]
Underfull \vbox (badness 3568) has occurred while \output is active []

 [37]
[38] [39] [40]) [41] (./atlases.tex
Chapter 5.
[42

] [43] [44] [45] [46]
File: pic/methodVertical6cropped.eps Graphic file (type eps)
 <pic/methodVertical6cropped.eps>
Underfull \vbox (badness 1028) has occurred while \output is active []

 [47]
[48] [49]) [50] (./integration.tex
Chapter 6.
[51

] (./traditionaldep.tex [52] [53] [54] [55]
File: pic/depmodel.eps Graphic file (type eps)
 <pic/depmodel.eps> [56])
(./pairwise.tex [57] [58] [59] [60]
File: pic/17q.eps Graphic file (type eps)
 <pic/17q.eps> [61]
Underfull \vbox (badness 1383) has occurred while \output is active []

 [62])
(./ac.tex [63]
File: pic/settingbs.eps Graphic file (type eps)
 <pic/settingbs.eps> [64]
Underfull \vbox (badness 10000) has occurred while \output is active []

 [65]
File: pic/ctable.eps Graphic file (type eps)

<pic/ctable.eps>
File: pic/testis.eps Graphic file (type eps)
 <pic/testis.eps> [66]) [67]) [68] (./conclusion.tex
Chapter 7.
[69

]) (./references.tex [70] (./thesis.bbl [71

] [72

] [73] [74] [75] [76]
[77] [78] [79] [80] [81] [82] [83] [84] [85] [86] [87] [88] [89] [90] [91]))
[92] (./thesis.aux) ) 
Here is how much of TeX's memory you used:
 3900 strings out of 95083
 49391 string characters out of 1183156
 146808 words of memory out of 1500000
 6867 multiletter control sequences out of 10000+50000
 18901 words of font info for 69 fonts, out of 1200000 for 2000
 78 hyphenation exceptions out of 8191
 35i,19n,45p,2263b,1042s stack positions out of 5000i,500n,6000p,200000b,5000s

Output written on thesis.dvi (103 pages, 435536 bytes).
